Build started 11/6/2014 1:38:53 PM.
     1>Project "E:\user\arodrigues\projetos\ProgConc\idw\VS2013\IDW-CUDA\IDW-CUDA\IDW-CUDA.vcxproj" on node 2 (Build target(s)).
     1>AddCudaCompileDeps:
         C:\Program Files (x86)\Microsoft Visual Studio 12.0\VC\bin\cl.exe /E /nologo /showIncludes /TP /D__CUDACC__ /DWIN32 /D_DEBUG /D_CONSOLE /D_MBCS /I"C:\Program Files\NVIDIA GPU Computing Toolkit\CUDA\v6.5\include" /I"C:\Program Files\NVIDIA GPU Computing Toolkit\CUDA\v6.5\bin" /I"C:\Program Files\NVIDIA GPU Computing Toolkit\CUDA\v6.5\include" /I. /FIcuda_runtime.h /c E:\user\arodrigues\projetos\ProgConc\idw\VS2013\IDW-CUDA\IDW-CUDA\kernel.cu 
       CudaBuild:
         Compiling CUDA source file kernel.cu...
         cmd.exe /C "C:\Users\arodrigues\AppData\Local\Temp\tmpe6fd1a514f0f4cba8bf4be61f81d9501.cmd"
         "C:\Program Files\NVIDIA GPU Computing Toolkit\CUDA\v6.5\bin\nvcc.exe" -gencode=arch=compute_20,code=\"sm_20,compute_20\" --use-local-env --cl-version 2013 -ccbin "C:\Program Files (x86)\Microsoft Visual Studio 12.0\VC\bin"  -I"C:\Program Files\NVIDIA GPU Computing Toolkit\CUDA\v6.5\include" -I"C:\Program Files\NVIDIA GPU Computing Toolkit\CUDA\v6.5\include"  -G   --keep-dir Debug -maxrregcount=0  --machine 32 --compile -cudart static  -g   -DWIN32 -D_DEBUG -D_CONSOLE -D_MBCS -Xcompiler "/EHsc /W3 /nologo /Od /Zi /RTC1 /MDd  " -o Debug\kernel.cu.obj "E:\user\arodrigues\projetos\ProgConc\idw\VS2013\IDW-CUDA\IDW-CUDA\kernel.cu"
         
         E:\user\arodrigues\projetos\ProgConc\idw\VS2013\IDW-CUDA\IDW-CUDA>"C:\Program Files\NVIDIA GPU Computing Toolkit\CUDA\v6.5\bin\nvcc.exe" -gencode=arch=compute_20,code=\"sm_20,compute_20\" --use-local-env --cl-version 2013 -ccbin "C:\Program Files (x86)\Microsoft Visual Studio 12.0\VC\bin"  -I"C:\Program Files\NVIDIA GPU Computing Toolkit\CUDA\v6.5\include" -I"C:\Program Files\NVIDIA GPU Computing Toolkit\CUDA\v6.5\include"  -G   --keep-dir Debug -maxrregcount=0  --machine 32 --compile -cudart static  -g   -DWIN32 -D_DEBUG -D_CONSOLE -D_MBCS -Xcompiler "/EHsc /W3 /nologo /Od /Zi /RTC1 /MDd  " -o Debug\kernel.cu.obj "E:\user\arodrigues\projetos\ProgConc\idw\VS2013\IDW-CUDA\IDW-CUDA\kernel.cu" 
         kernel.cu
     1>E:/user/arodrigues/projetos/ProgConc/idw/VS2013/IDW-CUDA/IDW-CUDA/kernel.cu(90): warning C4244: 'argument' : conversion from 'const int' to 'float', possible loss of data
       Link:
         C:\Program Files (x86)\Microsoft Visual Studio 12.0\VC\bin\link.exe /ERRORREPORT:PROMPT /OUT:"E:\user\arodrigues\projetos\ProgConc\idw\VS2013\IDW-CUDA\Debug\IDW-CUDA.exe" /INCREMENTAL /NOLOGO /LIBPATH:"C:\Program Files\NVIDIA GPU Computing Toolkit\CUDA\v6.5\lib\Win32" cudart.lib kernel32.lib user32.lib gdi32.lib winspool.lib comdlg32.lib advapi32.lib shell32.lib ole32.lib oleaut32.lib uuid.lib odbc32.lib odbccp32.lib kernel32.lib user32.lib gdi32.lib winspool.lib comdlg32.lib advapi32.lib shell32.lib ole32.lib oleaut32.lib uuid.lib odbc32.lib odbccp32.lib /MANIFEST /MANIFESTUAC:"level='asInvoker' uiAccess='false'" /manifest:embed /DEBUG /PDB:"E:\user\arodrigues\projetos\ProgConc\idw\VS2013\IDW-CUDA\Debug\IDW-CUDA.pdb" /SUBSYSTEM:CONSOLE /TLBID:1 /DYNAMICBASE /NXCOMPAT /IMPLIB:"E:\user\arodrigues\projetos\ProgConc\idw\VS2013\IDW-CUDA\Debug\IDW-CUDA.lib" /MACHINE:X86 Debug\kernel.cu.obj
         IDW-CUDA.vcxproj -> E:\user\arodrigues\projetos\ProgConc\idw\VS2013\IDW-CUDA\Debug\IDW-CUDA.exe
       PostBuildEvent:
         echo copy "C:\Program Files\NVIDIA GPU Computing Toolkit\CUDA\v6.5\bin\cudart*.dll" "E:\user\arodrigues\projetos\ProgConc\idw\VS2013\IDW-CUDA\Debug\"
         copy "C:\Program Files\NVIDIA GPU Computing Toolkit\CUDA\v6.5\bin\cudart*.dll" "E:\user\arodrigues\projetos\ProgConc\idw\VS2013\IDW-CUDA\Debug\"
         :VCEnd
         copy "C:\Program Files\NVIDIA GPU Computing Toolkit\CUDA\v6.5\bin\cudart*.dll" "E:\user\arodrigues\projetos\ProgConc\idw\VS2013\IDW-CUDA\Debug\"
         C:\Program Files\NVIDIA GPU Computing Toolkit\CUDA\v6.5\bin\cudart32_65.dll
         C:\Program Files\NVIDIA GPU Computing Toolkit\CUDA\v6.5\bin\cudart64_65.dll
                 2 file(s) copied.
     1>Done Building Project "E:\user\arodrigues\projetos\ProgConc\idw\VS2013\IDW-CUDA\IDW-CUDA\IDW-CUDA.vcxproj" (Build target(s)).

Build succeeded.

Time Elapsed 00:00:05.23
