Build started 12/3/2014 7:21:44 PM.
     1>Project "E:\user\arodrigues\projetos\ProgConc\idw\VS2013\IDW-CUDA\IDW-CUDA\IDW-CUDA.vcxproj" on node 2 (Build target(s)).
     1>AddCudaCompileDeps:
         C:\Program Files (x86)\Microsoft Visual Studio 12.0\VC\bin\x86_amd64\cl.exe /E /nologo /showIncludes /TP /D__CUDACC__ /D__CUDACC__ /DWIN32 /DWIN64 /DNDEBUG /D_CONSOLE /D_MBCS /I"C:\Program Files\NVIDIA GPU Computing Toolkit\CUDA\v6.5\include" /I"C:\Program Files\NVIDIA GPU Computing Toolkit\CUDA\v6.5\bin" /I"C:\Program Files\NVIDIA GPU Computing Toolkit\CUDA\v6.5\include" /I. /FIcuda_runtime.h /c E:\user\arodrigues\projetos\ProgConc\idw\VS2013\IDW-CUDA\IDW-CUDA\kernel.cu 
       CudaBuild:
         Compiling CUDA source file kernel.cu...
         cmd.exe /C "C:\Users\arodrigues\AppData\Local\Temp\tmp2a18b9ab256e41a48cd80955bbe1a546.cmd"
         "C:\Program Files\NVIDIA GPU Computing Toolkit\CUDA\v6.5\bin\nvcc.exe" -gencode=arch=compute_30,code=\"sm_30,compute_30\" --use-local-env --cl-version 2013 -ccbin "C:\Program Files (x86)\Microsoft Visual Studio 12.0\VC\bin\x86_amd64"  -I"C:\Program Files\NVIDIA GPU Computing Toolkit\CUDA\v6.5\include" -I"C:\Program Files\NVIDIA GPU Computing Toolkit\CUDA\v6.5\include"     --keep-dir x64\Release -maxrregcount=0 --ptxas-options=-v --machine 64 --compile -cudart static    -use_fast_math -D__CUDACC__ -DWIN32 -DWIN64 -DNDEBUG -D_CONSOLE -D_MBCS -Xcompiler "/EHsc /W3 /nologo /Ox /Zi  /MD  " -o x64\Release\kernel.cu.obj "E:\user\arodrigues\projetos\ProgConc\idw\VS2013\IDW-CUDA\IDW-CUDA\kernel.cu"
         
         E:\user\arodrigues\projetos\ProgConc\idw\VS2013\IDW-CUDA\IDW-CUDA>"C:\Program Files\NVIDIA GPU Computing Toolkit\CUDA\v6.5\bin\nvcc.exe" -gencode=arch=compute_30,code=\"sm_30,compute_30\" --use-local-env --cl-version 2013 -ccbin "C:\Program Files (x86)\Microsoft Visual Studio 12.0\VC\bin\x86_amd64"  -I"C:\Program Files\NVIDIA GPU Computing Toolkit\CUDA\v6.5\include" -I"C:\Program Files\NVIDIA GPU Computing Toolkit\CUDA\v6.5\include"     --keep-dir x64\Release -maxrregcount=0 --ptxas-options=-v --machine 64 --compile -cudart static    -use_fast_math -D__CUDACC__ -DWIN32 -DWIN64 -DNDEBUG -D_CONSOLE -D_MBCS -Xcompiler "/EHsc /W3 /nologo /Ox /Zi  /MD  " -o x64\Release\kernel.cu.obj "E:\user\arodrigues\projetos\ProgConc\idw\VS2013\IDW-CUDA\IDW-CUDA\kernel.cu" 
         ptxas info    : 0 bytes gmem
         ptxas info    : Compiling entry function 'interpolate' for 'sm_30'
         ptxas info    : Function properties for interpolate
             0 bytes stack frame, 0 bytes spill stores, 0 bytes spill loads
         ptxas info    : Used 14 registers, 356 bytes cmem[0], 4 bytes cmem[2]
         ptxas info    : Compiling entry function 'interpolateShared' for 'sm_30'
         ptxas info    : Function properties for interpolateShared
             0 bytes stack frame, 0 bytes spill stores, 0 bytes spill loads
         ptxas info    : Used 21 registers, 12288 bytes smem, 356 bytes cmem[0], 4 bytes cmem[2]
         kernel.cu
     1>E:/user/arodrigues/projetos/ProgConc/idw/VS2013/IDW-CUDA/IDW-CUDA/kernel.cu(226): warning C4244: 'argument' : conversion from 'int' to 'float', possible loss of data
       Link:
         C:\Program Files (x86)\Microsoft Visual Studio 12.0\VC\bin\x86_amd64\link.exe /ERRORREPORT:PROMPT /OUT:"E:\user\arodrigues\projetos\ProgConc\idw\VS2013\IDW-CUDA\x64\Release\IDW-CUDA.exe" /NOLOGO /LIBPATH:"C:\Program Files\NVIDIA GPU Computing Toolkit\CUDA\v6.5\lib\x64" cudart.lib kernel32.lib user32.lib gdi32.lib winspool.lib comdlg32.lib advapi32.lib shell32.lib ole32.lib oleaut32.lib uuid.lib odbc32.lib odbccp32.lib kernel32.lib user32.lib gdi32.lib winspool.lib comdlg32.lib advapi32.lib shell32.lib ole32.lib oleaut32.lib uuid.lib odbc32.lib odbccp32.lib /MANIFEST /MANIFESTUAC:"level='asInvoker' uiAccess='false'" /manifest:embed /DEBUG /PDB:"E:\user\arodrigues\projetos\ProgConc\idw\VS2013\IDW-CUDA\x64\Release\IDW-CUDA.pdb" /SUBSYSTEM:CONSOLE /OPT:REF /OPT:ICF /LTCG /TLBID:1 /DYNAMICBASE /NXCOMPAT /IMPLIB:"E:\user\arodrigues\projetos\ProgConc\idw\VS2013\IDW-CUDA\x64\Release\IDW-CUDA.lib" /MACHINE:X64 x64\Release\kernel.cu.obj
         LINK : /LTCG specified but no code generation required; remove /LTCG from the link command line to improve linker performance
         IDW-CUDA.vcxproj -> E:\user\arodrigues\projetos\ProgConc\idw\VS2013\IDW-CUDA\x64\Release\IDW-CUDA.exe
       PostBuildEvent:
         echo copy "C:\Program Files\NVIDIA GPU Computing Toolkit\CUDA\v6.5\bin\cudart*.dll" "E:\user\arodrigues\projetos\ProgConc\idw\VS2013\IDW-CUDA\x64\Release\"
         copy "C:\Program Files\NVIDIA GPU Computing Toolkit\CUDA\v6.5\bin\cudart*.dll" "E:\user\arodrigues\projetos\ProgConc\idw\VS2013\IDW-CUDA\x64\Release\"
         :VCEnd
         copy "C:\Program Files\NVIDIA GPU Computing Toolkit\CUDA\v6.5\bin\cudart*.dll" "E:\user\arodrigues\projetos\ProgConc\idw\VS2013\IDW-CUDA\x64\Release\"
         C:\Program Files\NVIDIA GPU Computing Toolkit\CUDA\v6.5\bin\cudart32_65.dll
         C:\Program Files\NVIDIA GPU Computing Toolkit\CUDA\v6.5\bin\cudart64_65.dll
                 2 file(s) copied.
     1>Done Building Project "E:\user\arodrigues\projetos\ProgConc\idw\VS2013\IDW-CUDA\IDW-CUDA\IDW-CUDA.vcxproj" (Build target(s)).

Build succeeded.

Time Elapsed 00:00:05.18
